<?xml version="1.0" encoding="UTF-8"?>
<!-- Generated by org.testng.reporters.JUnitXMLReporter -->
<testsuite hostname="DESKTOP-9KRF9UB" ignored="0" name="Parallel Tests" tests="2" failures="1" timestamp="2021-05-30T10:55:04 EDT" time="0.206" errors="0">
  <testcase name="SampleTest2" time="0.02" classname="com.testometer.pvrCinemasMain.PVRCinemasServicesTest"/>
  <testcase name="SampleTest1" time="0.021" classname="com.testometer.pvrCinemasMain.PVRCinemasServicesTest">
    <failure type="java.lang.AssertionError" message="expected [Welcome 1] but found [Welcome]">
      <![CDATA[java.lang.AssertionError: expected [Welcome 1] but found [Welcome]
at com.testometer.pvrCinemasMain.PVRCinemasServicesTest.SampleTest1(PVRCinemasServicesTest.java:40)
at java.util.concurrent.ThreadPoolExecutor.runWorker(ThreadPoolExecutor.java:1149)
at java.util.concurrent.ThreadPoolExecutor$Worker.run(ThreadPoolExecutor.java:624)
at java.lang.Thread.run(Thread.java:748)
... Removed 18 stack frames]]>
    </failure>
  </testcase> <!-- SampleTest1 -->
</testsuite> <!-- Parallel Tests -->
