<?xml version="1.0" encoding="UTF-8"?>
<testng-results skipped="0" failed="0" ignored="0" total="0" passed="0">
  <reporter-output>
  </reporter-output>
  <suite name="com.testometer.pvrCinemasMain.AppTest" duration-ms="54" started-at="2021-05-22T11:30:37 EDT" finished-at="2021-05-22T11:30:37 EDT">
    <groups>
    </groups>
    <test name="Command line test" duration-ms="54" started-at="2021-05-22T11:30:37 EDT" finished-at="2021-05-22T11:30:37 EDT">
    </test> <!-- Command line test -->
  </suite> <!-- com.testometer.pvrCinemasMain.AppTest -->
</testng-results>
